Flutter crash report.
Please report a bug at https://github.com/flutter/flutter/issues.

## command

flutter test --machine --start-paused -d chrome C:\Flutter_Project\test\test\widget_test.dart

## exception

ShaderCompilerException: ShaderCompilerException: Shader compilation of "C:\src\flutter\packages\flutter\lib\src\material\shaders\ink_sparkle.frag" to "build\unit_test_assets\shaders/ink_sparkle.frag" failed with exit code 1.
impellerc stdout:

impellerc stderr:
Could not write file to build\unit_test_assets\shaders/ink_sparkle.frag




```
#0      ShaderCompiler.compileShader (package:flutter_tools/src/build_system/targets/shader_compiler.dart:200:9)
<asynchronous suspension>
#1      writeBundle.<anonymous closure> (package:flutter_tools/src/bundle_builder.dart:195:25)
<asynchronous suspension>
#2      Future.wait.<anonymous closure> (dart:async/future.dart:518:21)
<asynchronous suspension>
#3      writeBundle (package:flutter_tools/src/bundle_builder.dart:173:3)
<asynchronous suspension>
#4      TestCommand._buildTestAsset (package:flutter_tools/src/commands/test.dart:582:7)
<asynchronous suspension>
#5      TestCommand.runCommand (package:flutter_tools/src/commands/test.dart:350:7)
<asynchronous suspension>
#6      FlutterCommand.run.<anonymous closure> (package:flutter_tools/src/runner/flutter_command.dart:1389:27)
<asynchronous suspension>
#7      AppContext.run.<anonymous closure> (package:flutter_tools/src/base/context.dart:153:19)
<asynchronous suspension>
#8      CommandRunner.runCommand (package:args/command_runner.dart:212:13)
<asynchronous suspension>
#9      FlutterCommandRunner.runCommand.<anonymous closure> (package:flutter_tools/src/runner/flutter_command_runner.dart:355:9)
<asynchronous suspension>
#10     AppContext.run.<anonymous closure> (package:flutter_tools/src/base/context.dart:153:19)
<asynchronous suspension>
#11     FlutterCommandRunner.runCommand (package:flutter_tools/src/runner/flutter_command_runner.dart:295:5)
<asynchronous suspension>
#12     run.<anonymous closure>.<anonymous closure> (package:flutter_tools/runner.dart:119:9)
<asynchronous suspension>
#13     AppContext.run.<anonymous closure> (package:flutter_tools/src/base/context.dart:153:19)
<asynchronous suspension>
#14     main (package:flutter_tools/executable.dart:90:3)
<asynchronous suspension>
```

## flutter doctor

```
[✓] Flutter (Channel stable, 3.19.3, on Microsoft Windows [Version 10.0.22621.3155], locale en-IN)
    • Flutter version 3.19.3 on channel stable at C:\src\flutter
    • Upstream repository https://github.com/flutter/flutter.git
    • Framework revision ba39319843 (3 days ago), 2024-03-07 15:22:21 -0600
    • Engine revision 2e4ba9c6fb
    • Dart version 3.3.1
    • DevTools version 2.31.1

[✓] Windows Version (Installed version of Windows is version 10 or higher)

[!] Android toolchain - develop for Android devices (Android SDK version 34.0.0)
    • Android SDK at C:\Users\Aman Morghade\appdata\local\android\sdk
    ✗ cmdline-tools component is missing
      Run `path/to/sdkmanager --install "cmdline-tools;latest"`
      See https://developer.android.com/studio/command-line for more details.
    ✗ Android license status unknown.
      Run `flutter doctor --android-licenses` to accept the SDK licenses.
      See https://flutter.dev/docs/get-started/install/windows#android-setup for more details.

[✓] Chrome - develop for the web
    • Chrome at C:\Program Files\Google\Chrome\Application\chrome.exe

[✗] Visual Studio - develop Windows apps
    ✗ Visual Studio not installed; this is necessary to develop Windows apps.
      Download at https://visualstudio.microsoft.com/downloads/.
      Please install the "Desktop development with C++" workload, including all of its default components

[✓] Android Studio (version 2023.2)
    • Android Studio at C:\Program Files\Android\Android Studio
    • Flutter plugin can be installed from:
      🔨 https://plugins.jetbrains.com/plugin/9212-flutter
    • Dart plugin can be installed from:
      🔨 https://plugins.jetbrains.com/plugin/6351-dart
    • Java version OpenJDK Runtime Environment (build 17.0.9+0--11185874)

[✓] VS Code (version 1.87.1)
    • VS Code at C:\Users\Aman Morghade\AppData\Local\Programs\Microsoft VS Code
    • Flutter extension version 3.84.0

[✓] Connected device (3 available)
    • Windows (desktop) • windows • windows-x64    • Microsoft Windows [Version 10.0.22621.3155]
    • Chrome (web)      • chrome  • web-javascript • Google Chrome 122.0.6261.112
    • Edge (web)        • edge    • web-javascript • Microsoft Edge 122.0.2365.80

[✓] Network resources
    • All expected network resources are available.

! Doctor found issues in 2 categories.
```
